#-----------------------------------------------------------
# Vivado v2018.3 (64-bit)
# SW Build 2405991 on Thu Dec  6 23:38:27 MST 2018
# IP Build 2404404 on Fri Dec  7 01:43:56 MST 2018
# Start of session at: Sat May 24 00:03:12 2025
# Process ID: 4824
# Current directory: C:/Users/dbata/Desktop/Sistemas-Digitales-main/TP1/Sintesis/project_1
# Command line: vivado.exe -gui_launcher_event rodinguilauncherevent9980 C:\Users\dbata\Desktop\Sistemas-Digitales-main\TP1\Sintesis\project_1\project_1.xpr
# Log file: C:/Users/dbata/Desktop/Sistemas-Digitales-main/TP1/Sintesis/project_1/vivado.log
# Journal file: C:/Users/dbata/Desktop/Sistemas-Digitales-main/TP1/Sintesis/project_1\vivado.jou
#-----------------------------------------------------------
start_gui
open_project C:/Users/dbata/Desktop/Sistemas-Digitales-main/TP1/Sintesis/project_1/project_1.xpr
Scanning sources...
Finished scanning sources
INFO: [IP_Flow 19-234] Refreshing IP repositories
INFO: [IP_Flow 19-1704] No user IP repositories specified
INFO: [IP_Flow 19-2313] Loaded Vivado IP repository 'C:/Xilinx/Vivado/2018.3/data/ip'.
open_project: Time (s): cpu = 00:00:13 ; elapsed = 00:00:05 . Memory (MB): peak = 671.566 ; gain = 63.559
update_compile_order -fileset sources_1
reset_run synth_1
launch_runs synth_1 -jobs 4
[Sat May 24 00:03:45 2025] Launched synth_1...
Run output will be captured here: C:/Users/dbata/Desktop/Sistemas-Digitales-main/TP1/Sintesis/project_1/project_1.runs/synth_1/runme.log
open_run synth_1 -name synth_1
Design is defaulting to impl run constrset: constrs_1
Design is defaulting to synth run part: xc7a15tftg256-1
INFO: [Netlist 29-17] Analyzing 8 Unisim elements for replacement
INFO: [Netlist 29-28] Unisim Transformation completed in 0 CPU seconds
INFO: [Project 1-479] Netlist was created with Vivado 2018.3
INFO: [Device 21-403] Loading part xc7a15tftg256-1
INFO: [Project 1-570] Preparing netlist for logic optimization
INFO: [Opt 31-138] Pushed 0 inverter(s) to 0 load pin(s).
Netlist sorting complete. Time (s): cpu = 00:00:00 ; elapsed = 00:00:00 . Memory (MB): peak = 962.191 ; gain = 0.000
INFO: [Project 1-111] Unisim Transformation Summary:
No Unisim elements were transformed.

open_run: Time (s): cpu = 00:00:16 ; elapsed = 00:00:09 . Memory (MB): peak = 1093.746 ; gain = 343.676
write_schematic -format pdf -orientation portrait C:/Users/dbata/Desktop/TP1/schematic.pdf
C:/Users/dbata/Desktop/TP1/schematic.pdf
exit
INFO: [Common 17-206] Exiting Vivado at Sat May 24 00:04:59 2025...
